01/10/20 14:25:01 Xvnc version TightVNC-1.3.9
01/10/20 14:25:01 Copyright (C) 2000-2007 TightVNC Group
01/10/20 14:25:01 Copyright (C) 1999 AT&T Laboratories Cambridge
01/10/20 14:25:01 All Rights Reserved.
01/10/20 14:25:01 See http://www.tightvnc.com/ for information on TightVNC
01/10/20 14:25:01 Desktop name 'X' (raspberrypi:1)
01/10/20 14:25:01 Protocol versions supported: 3.3, 3.7, 3.8, 3.7t, 3.8t
01/10/20 14:25:01 Listening for VNC connections on TCP port 5901
Font directory '/usr/share/fonts/X11/Type1/' not found - ignoring
Font directory '/usr/share/fonts/X11/75dpi/' not found - ignoring
xrdb: No such file or directory
xrdb: can't open file '/home/pi/.Xresources'

01/10/20 14:27:17 Got connection from client 192.168.0.44
01/10/20 14:27:17 Using protocol version 3.8
01/10/20 14:27:24 Full-control authentication passed by 192.168.0.44
01/10/20 14:27:24 rfbProcessClientNormalMessage: ignoring unknown encoding 24
01/10/20 14:27:24 rfbProcessClientNormalMessage: ignoring unknown encoding 16
01/10/20 14:27:24 rfbProcessClientNormalMessage: ignoring unknown encoding 22
01/10/20 14:27:24 rfbProcessClientNormalMessage: ignoring unknown encoding 21
01/10/20 14:27:24 rfbProcessClientNormalMessage: ignoring unknown encoding 15
01/10/20 14:27:24 Using zlib encoding for client 192.168.0.44
01/10/20 14:27:24 rfbProcessClientNormalMessage: ignoring unknown encoding -314
01/10/20 14:27:24 Enabling full-color cursor updates for client 192.168.0.44
01/10/20 14:27:24 rfbProcessClientNormalMessage: ignoring unknown encoding -223
01/10/20 14:27:24 Pixel format for client 192.168.0.44:
01/10/20 14:27:24   8 bpp, depth 6
01/10/20 14:27:24   true colour: max r 3 g 3 b 3, shift r 4 g 2 b 0
01/10/20 14:27:25 Using raw encoding for client 192.168.0.44
01/10/20 14:27:25 rfbProcessClientNormalMessage: ignoring unknown encoding 24
01/10/20 14:27:25 rfbProcessClientNormalMessage: ignoring unknown encoding 22
01/10/20 14:27:25 rfbProcessClientNormalMessage: ignoring unknown encoding 21
01/10/20 14:27:25 rfbProcessClientNormalMessage: ignoring unknown encoding 16
01/10/20 14:27:25 rfbProcessClientNormalMessage: ignoring unknown encoding 15
01/10/20 14:27:25 rfbProcessClientNormalMessage: ignoring unknown encoding -314
01/10/20 14:27:25 Enabling full-color cursor updates for client 192.168.0.44
01/10/20 14:27:25 rfbProcessClientNormalMessage: ignoring unknown encoding -223
01/10/20 14:27:25 rfbProcessClientNormalMessage: ignoring unknown encoding 24
01/10/20 14:27:25 rfbProcessClientNormalMessage: ignoring unknown encoding 16
01/10/20 14:27:25 rfbProcessClientNormalMessage: ignoring unknown encoding 22
01/10/20 14:27:25 rfbProcessClientNormalMessage: ignoring unknown encoding 21
01/10/20 14:27:25 rfbProcessClientNormalMessage: ignoring unknown encoding 15
01/10/20 14:27:25 Using zlib encoding for client 192.168.0.44
01/10/20 14:27:25 rfbProcessClientNormalMessage: ignoring unknown encoding -314
01/10/20 14:27:25 Enabling full-color cursor updates for client 192.168.0.44
01/10/20 14:27:25 rfbProcessClientNormalMessage: ignoring unknown encoding -223
01/10/20 14:27:25 Pixel format for client 192.168.0.44:
01/10/20 14:27:25   32 bpp, depth 24, little endian
01/10/20 14:27:25   true colour: max r 255 g 255 b 255, shift r 16 g 8 b 0
01/10/20 14:27:25   no translation needed
01/10/20 14:27:25 rfbProcessClientNormalMessage: ignoring unknown encoding 24
01/10/20 14:27:25 rfbProcessClientNormalMessage: ignoring unknown encoding 15
01/10/20 14:27:25 Using hextile encoding for client 192.168.0.44
01/10/20 14:27:25 rfbProcessClientNormalMessage: ignoring unknown encoding 16
01/10/20 14:27:25 rfbProcessClientNormalMessage: ignoring unknown encoding 22
01/10/20 14:27:25 rfbProcessClientNormalMessage: ignoring unknown encoding 21
01/10/20 14:27:25 rfbProcessClientNormalMessage: ignoring unknown encoding -314
01/10/20 14:27:25 Enabling full-color cursor updates for client 192.168.0.44
01/10/20 14:27:25 rfbProcessClientNormalMessage: ignoring unknown encoding -223
01/10/20 14:27:54 Client 192.168.0.44 gone
01/10/20 14:27:54 Statistics:
01/10/20 14:27:54   key events received 0, pointer events 2324
01/10/20 14:27:54   framebuffer updates 20, rectangles 74, bytes 1645077
01/10/20 14:27:54     cursor shape updates 4, bytes 2736
01/10/20 14:27:54     raw rectangles 1, bytes 16396
01/10/20 14:27:54     hextile rectangles 21, bytes 511890
01/10/20 14:27:54     zlib rectangles 48, bytes 1114055
01/10/20 14:27:54   raw bytes equivalent 4888672, compression ratio 2.976649
